[debug] [2017-08-18T15:41:35.377Z] ----------------------------------------------------------------------
[debug] [2017-08-18T15:41:35.380Z] Command:       C:\Program Files\nodejs\node.exe C:\Users\Hassan\AppData\Roaming\npm\node_modules\firebase-tools\bin\firebase init
[debug] [2017-08-18T15:41:35.381Z] CLI Version:   3.9.2
[debug] [2017-08-18T15:41:35.381Z] Platform:      win32
[debug] [2017-08-18T15:41:35.381Z] Node Version:  v6.11.2
[debug] [2017-08-18T15:41:35.382Z] Time:          Fri Aug 18 2017 16:41:35 GMT+0100 (GMT Summer Time)
[debug] [2017-08-18T15:41:35.383Z] ----------------------------------------------------------------------
[debug] 
[debug] [2017-08-18T15:41:35.399Z] > command requires scopes: ["email","openid","https://www.googleapis.com/auth/cloudplatformprojects.readonly","https://www.googleapis.com/auth/firebase"]
[debug] [2017-08-18T15:41:35.400Z] > authorizing via signed-in user
[info] 
     ######## #### ########  ######## ########     ###     ######  ########
     ##        ##  ##     ## ##       ##     ##  ##   ##  ##       ##
     ######    ##  ########  ######   ########  #########  ######  ######
     ##        ##  ##    ##  ##       ##     ## ##     ##       ## ##
     ##       #### ##     ## ######## ########  ##     ##  ######  ########

You're about to initialize a Firebase project in this directory:

  C:\Users\Hassan\Desktop\Angular 2 Training\angular-parkingslots-hassan

Before we get started, keep in mind:

  * You are initializing in an existing Firebase project directory

[info] 
=== Project Setup
[info] 
[info] First, let's associate this project directory with a Firebase project.
[info] You can create multiple project aliases by running firebase use --add, 
[info] but for now we'll just set up a default project.
[info] 
[debug] [2017-08-18T15:42:01.496Z] > refreshing access token with scopes: ["email","https://www.googleapis.com/auth/cloudplatformprojects.readonly","https://www.googleapis.com/auth/firebase","openid"]
[debug] [2017-08-18T15:42:01.496Z] >>> HTTP REQUEST POST https://www.googleapis.com/oauth2/v3/token { refresh_token: '1/mR_an-0vQF9e7jafD3TRaA0KtIoyzKEKFx2l0jK8g2k',
  client_id: '563584335869-fgrhgmd47bqnekij5i8b5pr03ho849e6.apps.googleusercontent.com',
  client_secret: 'j9iVZfS8kkCEFUPaAeJV0sAi',
  grant_type: 'refresh_token',
  scope: 'email https://www.googleapis.com/auth/cloudplatformprojects.readonly https://www.googleapis.com/auth/firebase openid' } 
 Fri Aug 18 2017 16:42:01 GMT+0100 (GMT Summer Time)
[debug] [2017-08-18T15:42:01.986Z] <<< HTTP RESPONSE 200
[debug] [2017-08-18T15:42:02.025Z] >>> HTTP REQUEST GET https://admin.firebase.com/v1/projects  
 Fri Aug 18 2017 16:42:02 GMT+0100 (GMT Summer Time)
[debug] [2017-08-18T15:42:02.786Z] <<< HTTP RESPONSE 200
[info] i  .firebaserc already has a default project, skipping
[info] 
=== Hosting Setup
[info] 
[info] Your public directory is the folder (relative to your project directory) that
[info] will contain Hosting assets to be uploaded with firebase deploy. If you
[info] have a build process for your assets, use your build's output directory.
[info] 
[debug] [2017-08-18T15:43:36.522Z] RangeError: Maximum call stack size exceeded
    at Object.fs.mkdirSync (fs.js:923:18)
    at mkdirsSync (C:\Users\Hassan\AppData\Roaming\npm\node_modules\firebase-tools\node_modules\fs-extra\lib\mkdirs\mkdirs-sync.js:22:9)
    at mkdirsSync (C:\Users\Hassan\AppData\Roaming\npm\node_modules\firebase-tools\node_modules\fs-extra\lib\mkdirs\mkdirs-sync.js:27:16)
    at mkdirsSync (C:\Users\Hassan\AppData\Roaming\npm\node_modules\firebase-tools\node_modules\fs-extra\lib\mkdirs\mkdirs-sync.js:28:9)
    at mkdirsSync (C:\Users\Hassan\AppData\Roaming\npm\node_modules\firebase-tools\node_modules\fs-extra\lib\mkdirs\mkdirs-sync.js:28:9)
    at mkdirsSync (C:\Users\Hassan\AppData\Roaming\npm\node_modules\firebase-tools\node_modules\fs-extra\lib\mkdirs\mkdirs-sync.js:28:9)
    at mkdirsSync (C:\Users\Hassan\AppData\Roaming\npm\node_modules\firebase-tools\node_modules\fs-extra\lib\mkdirs\mkdirs-sync.js:28:9)
    at mkdirsSync (C:\Users\Hassan\AppData\Roaming\npm\node_modules\firebase-tools\node_modules\fs-extra\lib\mkdirs\mkdirs-sync.js:28:9)
    at mkdirsSync (C:\Users\Hassan\AppData\Roaming\npm\node_modules\firebase-tools\node_modules\fs-extra\lib\mkdirs\mkdirs-sync.js:28:9)
    at mkdirsSync (C:\Users\Hassan\AppData\Roaming\npm\node_modules\firebase-tools\node_modules\fs-extra\lib\mkdirs\mkdirs-sync.js:28:9)
[error] 
[error] Error: An unexpected error has occurred.
